<?xml version="1.0" encoding="UTF-8"?>
<!-- Generated by org.testng.reporters.JUnitReportReporter -->
<testsuite hostname="LAPTOP-5GU9F064" failures="0" tests="4" name="api.test.UserTest$UserTests" time="8.579" errors="0" timestamp="2024-02-07T00:51:20 IST" skipped="0">
  <testcase classname="api.test.UserTest$UserTests" name="testPostUser" time="3.022"/>
  <system-out/>
  <testcase classname="api.test.UserTest$UserTests" name="testGetUserUserByName" time="1.486"/>
  <system-out/>
  <testcase classname="api.test.UserTest$UserTests" name="testUpdateUserByName" time="2.818"/>
  <system-out/>
  <testcase classname="api.test.UserTest$UserTests" name="deleteUserByName" time="1.253"/>
  <system-out/>
</testsuite> <!-- api.test.UserTest$UserTests -->
